Determining if the pthread_create exist failed with the following output:
Change Dir: /fs03/share/users/florent.cadot/home/catkin_ws/build/CMakeFiles/CMakeTmp

Run Build Command:/usr/bin/make "cmTryCompileExec1724138117/fast"
/usr/bin/make -f CMakeFiles/cmTryCompileExec1724138117.dir/build.make CMakeFiles/cmTryCompileExec1724138117.dir/build
make[1]: entrant dans le répertoire « /fs03/share/users/florent.cadot/home/catkin_ws/build/CMakeFiles/CMakeTmp »
/usr/bin/cmake -E cmake_progress_report /fs03/share/users/florent.cadot/home/catkin_ws/build/CMakeFiles/CMakeTmp/CMakeFiles 1
Building C object CMakeFiles/cmTryCompileExec1724138117.dir/CheckSymbolExists.c.o
/usr/bin/cc    -o CMakeFiles/cmTryCompileExec1724138117.dir/CheckSymbolExists.c.o   -c /fs03/share/users/florent.cadot/home/catkin_ws/build/CMakeFiles/CMakeTmp/CheckSymbolExists.c
Linking C executable cmTryCompileExec1724138117
/usr/bin/cmake -E cmake_link_script CMakeFiles/cmTryCompileExec1724138117.dir/link.txt --verbose=1
/usr/bin/cc       CMakeFiles/cmTryCompileExec1724138117.dir/CheckSymbolExists.c.o  -o cmTryCompileExec1724138117 -rdynamic 
CMakeFiles/cmTryCompileExec1724138117.dir/CheckSymbolExists.c.o : Dans la fonction « main » :
CheckSymbolExists.c:(.text+0x16) : référence indéfinie vers « pthread_create »
collect2: error: ld returned 1 exit status
make[1]: quittant le répertoire « /fs03/share/users/florent.cadot/home/catkin_ws/build/CMakeFiles/CMakeTmp »
make[1]: *** [cmTryCompileExec1724138117] Erreur 1
make: *** [cmTryCompileExec1724138117/fast] Erreur 2

File /fs03/share/users/florent.cadot/home/catkin_ws/build/CMakeFiles/CMakeTmp/CheckSymbolExists.c:
/* */
#include <pthread.h>

int main(int argc, char** argv)
{
  (void)argv;
#ifndef pthread_create
  return ((int*)(&pthread_create))[argc];
#else
  (void)argc;
  return 0;
#endif
}

Determining if the function pthread_create exists in the pthreads failed with the following output:
Change Dir: /fs03/share/users/florent.cadot/home/catkin_ws/build/CMakeFiles/CMakeTmp

Run Build Command:/usr/bin/make "cmTryCompileExec4046086727/fast"
/usr/bin/make -f CMakeFiles/cmTryCompileExec4046086727.dir/build.make CMakeFiles/cmTryCompileExec4046086727.dir/build
make[1]: entrant dans le répertoire « /fs03/share/users/florent.cadot/home/catkin_ws/build/CMakeFiles/CMakeTmp »
/usr/bin/cmake -E cmake_progress_report /fs03/share/users/florent.cadot/home/catkin_ws/build/CMakeFiles/CMakeTmp/CMakeFiles 1
Building C object CMakeFiles/cmTryCompileExec4046086727.dir/CheckFunctionExists.c.o
/usr/bin/cc   -DCHECK_FUNCTION_EXISTS=pthread_create   -o CMakeFiles/cmTryCompileExec4046086727.dir/CheckFunctionExists.c.o   -c /usr/share/cmake-2.8/Modules/CheckFunctionExists.c
Linking C executable cmTryCompileExec4046086727
/usr/bin/cmake -E cmake_link_script CMakeFiles/cmTryCompileExec4046086727.dir/link.txt --verbose=1
/usr/bin/cc   -DCHECK_FUNCTION_EXISTS=pthread_create    CMakeFiles/cmTryCompileExec4046086727.dir/CheckFunctionExists.c.o  -o cmTryCompileExec4046086727 -rdynamic -lpthreads 
/usr/bin/ld : ne peut trouver -lpthreads
collect2: error: ld returned 1 exit status
make[1]: quittant le répertoire « /fs03/share/users/florent.cadot/home/catkin_ws/build/CMakeFiles/CMakeTmp »
make[1]: *** [cmTryCompileExec4046086727] Erreur 1
make: *** [cmTryCompileExec4046086727/fast] Erreur 2


